Arguments: 
  C:\Program Files\nodejs\node.exe C:\Users\andyw\AppData\Roaming\npm\node_modules\yarn\bin\yarn.js

PATH: 
  c:\Users\andyw\AppData\Local\Programs\cursor\resources\app\bin;C:\windows\system32;C:\windows;C:\windows\System32\Wbem;C:\windows\System32\WindowsPowerShell\v1.0\;C:\windows\System32\OpenSSH\;C:\Program Files (x86)\NVIDIA Corporation\PhysX\Common;C:\Program Files\NVIDIA Corporation\NVIDIA NvDLISR;C:\Program Files\dotnet\;C:\Program Files\GitHub CLI\;C:\Program Files\Git\cmd;C:\Users\andyw\AppData\Roaming\nvm;C:\Program Files\nodejs;C:\Users\andyw\AppData\Local\Temp\Temp1_2023-07-27-botlab-client.zip;C:\Users\andyw\AppData\Local\Temp\Temp1_2023-07-27-botlab-client.zip;C:\Users\andyw\scoop\shims;C:\Users\andyw\AppData\Local\Microsoft\WindowsApps;C:\Users\andyw\AppData\Local\GitHubDesktop\bin;C:\Users\andyw\AppData\Roaming\npm;C:\Users\andyw\AppData\Roaming\nvm;C:\Program Files\nodejs;c:\Users\andyw\AppData\Local\Programs\cursor\resources\app\bin;c:\Users\andyw\AppData\Local\Programs\cursor\resources\app\bin;C:\Users\andyw\AppData\Local\Temp\Temp1_2023-07-27-botlab-client.zip;C:\Users\andyw\AppData\Local\Temp\Temp1_2023-07-27-botlab-client.zip;C:\Users\andyw\scoop\shims;C:\Users\andyw\AppData\Local\Microsoft\WindowsApps;C:\Users\andyw\AppData\Local\GitHubDesktop\bin;C:\Users\andyw\AppData\Local\Programs\Microsoft VS Code\bin;C:\Users\andyw\AppData\Roaming\npm;C:\Users\andyw\AppData\Roaming\nvm;C:\Program Files\nodejs

Yarn version: 
  1.22.19

Node version: 
  20.16.0

Platform: 
  win32 x64

Trace: 
  Error: EPERM: operation not permitted, unlink 'C:\Users\andyw\OneDrive\Documents\GitHub\lobster-fishing-league\lobster-fishing-league\hardhat\node_modules\@nomicfoundation\solidity-analyzer-win32-x64-msvc\solidity-analyzer.win32-x64-msvc.node'

npm manifest: 
  {
    "name": "hardhat-project",
    "version": "1.0.0",
    "description": "An example Hardhat project",
    "author": "Galleon Labs",
    "license": "MIT",
    "scripts": {
      "compile": "hardhat compile",
      "test": "hardhat test",
      "lint": "hardhat lint",
      "flatten": "hardhat flatten",
      "chain": "hardhat node --network hardhat"
    },
    "devDependencies": {
      "@nomicfoundation/hardhat-toolbox-viem": "^3.0.0",
      "hardhat": "^2.22.10"
    },
    "dependencies": {
      "@nomicfoundation/hardhat-chai-matchers": "^2.0.7",
      "@nomicfoundation/hardhat-verify": "^2.0.10",
      "@openzeppelin/contracts": "^5.0.2",
      "dotenv": "^16.4.5"
    }
  }

yarn manifest: 
  No manifest

Lockfile: 
  No lockfile
